<?xml version="1.0" encoding="UTF-8"?>
<!-- Generated by org.testng.reporters.JUnitReportReporter -->
<testsuite skipped="0" hostname="DESKTOP-FFEIRQ1" name="test.FlightButtonTest" tests="1" failures="0" timestamp="15 Feb 2018 15:08:42 GMT" time="43.869" errors="0">
  <testcase name="FlightButton" time="43.869" classname="test.FlightButtonTest"/>
</testsuite> <!-- test.FlightButtonTest -->
